app/build/intermediates/manifest_merge_blame_file/release/manifest-merger-blame-release-report.txt
1<?xml version="1.0" encoding="utf-8"?>
2<manifest xmlns:android="http://schemas.android.com/apk/res/android"
3    package="com.pleiades.pleione.kittencare"
4    android:versionCode="32"
5    android:versionName="1.9.0" >
6
7    <uses-sdk
8        android:minSdkVersion="23"
8-->src\main\AndroidManifest.xml
9        android:targetSdkVersion="30" />
9-->src\main\AndroidManifest.xml
10
11    <uses-permission android:name="android.permission.SYSTEM_ALERT_WINDOW" />
11-->src\main\AndroidManifest.xml:5:5-78
11-->src\main\AndroidManifest.xml:5:22-75
12    <uses-permission android:name="android.permission.ACCESS_NETWORK_STATE" />
12-->src\main\AndroidManifest.xml:6:5-79
12-->src\main\AndroidManifest.xml:6:22-76
13    <uses-permission android:name="android.permission.FOREGROUND_SERVICE" />
13-->src\main\AndroidManifest.xml:7:5-77
13-->src\main\AndroidManifest.xml:7:22-74
14    <uses-permission android:name="android.permission.INTERNET" />
14-->src\main\AndroidManifest.xml:8:5-67
14-->src\main\AndroidManifest.xml:8:22-64
15    <uses-permission android:name="com.android.vending.BILLING" />
15-->src\main\AndroidManifest.xml:9:5-67
15-->src\main\AndroidManifest.xml:9:22-64
16
17    <!-- Android package visibility setting -->
18    <queries>
18-->[com.google.android.gms:play-services-ads-lite:20.0.0] AndroidManifest.xml:27:5-43:15
19
20        <!-- For browser content -->
21        <intent>
21-->[com.google.android.gms:play-services-ads-lite:20.0.0] AndroidManifest.xml:30:9-36:18
22            <action android:name="android.intent.action.VIEW" />
22-->src\main\AndroidManifest.xml:49:17-69
22-->src\main\AndroidManifest.xml:49:25-66
23
24            <category android:name="android.intent.category.BROWSABLE" />
24-->[com.google.android.gms:play-services-ads-lite:20.0.0] AndroidManifest.xml:33:13-74
24-->[com.google.android.gms:play-services-ads-lite:20.0.0] AndroidManifest.xml:33:23-71
25
26            <data android:scheme="https" />
26-->[com.google.android.gms:play-services-ads-lite:20.0.0] AndroidManifest.xml:35:13-44
26-->[com.google.android.gms:play-services-ads-lite:20.0.0] AndroidManifest.xml:35:19-41
27        </intent>
28        <!-- End of browser content -->
29        <!-- For CustomTabsService -->
30        <intent>
30-->[com.google.android.gms:play-services-ads-lite:20.0.0] AndroidManifest.xml:39:9-41:18
31            <action android:name="android.support.customtabs.action.CustomTabsService" />
31-->[com.google.android.gms:play-services-ads-lite:20.0.0] AndroidManifest.xml:40:13-90
31-->[com.google.android.gms:play-services-ads-lite:20.0.0] AndroidManifest.xml:40:21-87
32        </intent>
33        <!-- End of CustomTabsService -->
34    </queries>
35
36    <uses-permission android:name="android.permission.WAKE_LOCK" />
36-->[com.google.android.gms:play-services-measurement-sdk-api:18.0.0] AndroidManifest.xml:25:5-68
36-->[com.google.android.gms:play-services-measurement-sdk-api:18.0.0] AndroidManifest.xml:25:22-65
37    <uses-permission android:name="android.permission.RECEIVE_BOOT_COMPLETED" />
37-->[androidx.work:work-runtime:2.1.0] AndroidManifest.xml:27:5-81
37-->[androidx.work:work-runtime:2.1.0] AndroidManifest.xml:27:22-78
38
39    <application
39-->src\main\AndroidManifest.xml:11:5-104:19
40        android:allowBackup="true"
40-->src\main\AndroidManifest.xml:12:9-35
41        android:appComponentFactory="androidx.core.app.CoreComponentFactory"
41-->[androidx.core:core:1.3.2] AndroidManifest.xml:24:18-86
42        android:backupAgent="com.pleiades.pleione.kittencare.BackupAgent"
42-->src\main\AndroidManifest.xml:13:9-43
43        android:extractNativeLibs="false"
44        android:fullBackupContent="true"
44-->src\main\AndroidManifest.xml:14:9-41
45        android:icon="@mipmap/ic_launcher"
45-->src\main\AndroidManifest.xml:15:9-43
46        android:label="@string/kitten_care"
46-->src\main\AndroidManifest.xml:16:9-44
47        android:largeHeap="true"
47-->src\main\AndroidManifest.xml:17:9-33
48        android:roundIcon="@mipmap/ic_launcher_round"
48-->src\main\AndroidManifest.xml:18:9-54
49        android:supportsRtl="true"
49-->src\main\AndroidManifest.xml:19:9-35
50        android:theme="@style/AppTheme" >
50-->src\main\AndroidManifest.xml:20:9-40
51        <meta-data
51-->src\main\AndroidManifest.xml:22:9-24:82
52            android:name="com.google.android.backup.api_key"
52-->src\main\AndroidManifest.xml:23:13-61
53            android:value="AEdPqrEAAAAIsUzqGgnbP7WEoCrsV6qRNMa65Nj-l2zSMKybSQ" />
53-->src\main\AndroidManifest.xml:24:13-79
54        <meta-data
54-->src\main\AndroidManifest.xml:26:9-28:70
55            android:name="com.google.android.gms.ads.APPLICATION_ID"
55-->src\main\AndroidManifest.xml:27:13-69
56            android:value="ca-app-pub-1993823389104447~8158401241" />
56-->src\main\AndroidManifest.xml:28:13-67
57
58        <activity
58-->src\main\AndroidManifest.xml:30:9-32:71
59            android:name="com.pleiades.pleione.kittencare.ui.activity.EscapeActivity"
59-->src\main\AndroidManifest.xml:31:13-55
60            android:theme="@style/AppTheme.DialogTheme.Transparent" />
60-->src\main\AndroidManifest.xml:32:13-68
61
62        <!-- splash launch activity -->
63        <activity
63-->src\main\AndroidManifest.xml:35:9-43:20
64            android:name="com.pleiades.pleione.kittencare.ui.activity.SplashActivity"
64-->src\main\AndroidManifest.xml:36:13-55
65            android:theme="@style/AppTheme.SplashTheme" >
65-->src\main\AndroidManifest.xml:37:13-56
66            <intent-filter>
66-->src\main\AndroidManifest.xml:38:13-42:29
67                <action android:name="android.intent.action.MAIN" />
67-->src\main\AndroidManifest.xml:39:17-69
67-->src\main\AndroidManifest.xml:39:25-66
68
69                <category android:name="android.intent.category.LAUNCHER" />
69-->src\main\AndroidManifest.xml:41:17-77
69-->src\main\AndroidManifest.xml:41:27-74
70            </intent-filter>
71        </activity>
72        <activity
72-->src\main\AndroidManifest.xml:44:9-51:20
73            android:name="com.pleiades.pleione.kittencare.ui.activity.MainActivity"
73-->src\main\AndroidManifest.xml:45:13-53
74            android:label="@string/kitten_care"
74-->src\main\AndroidManifest.xml:46:13-48
75            android:screenOrientation="portrait" >
75-->src\main\AndroidManifest.xml:47:13-49
76            <intent-filter>
76-->src\main\AndroidManifest.xml:48:13-50:29
77                <action android:name="android.intent.action.VIEW" />
77-->src\main\AndroidManifest.xml:49:17-69
77-->src\main\AndroidManifest.xml:49:25-66
78            </intent-filter>
79        </activity>
80        <activity
80-->src\main\AndroidManifest.xml:52:9-55:51
81            android:name="com.pleiades.pleione.kittencare.ui.activity.HistoryActivity"
81-->src\main\AndroidManifest.xml:53:13-56
82            android:label="@string/label_history"
82-->src\main\AndroidManifest.xml:54:13-50
83            android:screenOrientation="portrait" />
83-->src\main\AndroidManifest.xml:55:13-49
84        <activity
84-->src\main\AndroidManifest.xml:56:9-59:51
85            android:name="com.pleiades.pleione.kittencare.ui.activity.AdvertisementActivity"
85-->src\main\AndroidManifest.xml:57:13-62
86            android:label="@string/label_random_box"
86-->src\main\AndroidManifest.xml:58:13-53
87            android:screenOrientation="portrait" />
87-->src\main\AndroidManifest.xml:59:13-49
88        <activity
88-->src\main\AndroidManifest.xml:60:9-63:51
89            android:name="com.pleiades.pleione.kittencare.ui.activity.charm.AlchemyActivity"
89-->src\main\AndroidManifest.xml:61:13-62
90            android:label="@string/label_alchemy"
90-->src\main\AndroidManifest.xml:62:13-50
91            android:screenOrientation="portrait" />
91-->src\main\AndroidManifest.xml:63:13-49
92        <activity
92-->src\main\AndroidManifest.xml:64:9-67:51
93            android:name="com.pleiades.pleione.kittencare.ui.activity.charm.DivinationActivity"
93-->src\main\AndroidManifest.xml:65:13-65
94            android:label="@string/label_divination"
94-->src\main\AndroidManifest.xml:66:13-53
95            android:screenOrientation="portrait" />
95-->src\main\AndroidManifest.xml:67:13-49
96        <activity
96-->src\main\AndroidManifest.xml:68:9-71:51
97            android:name="com.pleiades.pleione.kittencare.ui.activity.settings.TutorialActivity"
97-->src\main\AndroidManifest.xml:69:13-66
98            android:label="@string/label_tutorial"
98-->src\main\AndroidManifest.xml:70:13-51
99            android:screenOrientation="portrait" />
99-->src\main\AndroidManifest.xml:71:13-49
100        <activity
100-->src\main\AndroidManifest.xml:72:9-75:51
101            android:name="com.pleiades.pleione.kittencare.ui.activity.settings.HappinessTutorialActivity"
101-->src\main\AndroidManifest.xml:73:13-75
102            android:label="@string/label_happiness"
102-->src\main\AndroidManifest.xml:74:13-52
103            android:screenOrientation="portrait" />
103-->src\main\AndroidManifest.xml:75:13-49
104        <activity
104-->src\main\AndroidManifest.xml:76:9-79:51
105            android:name="com.pleiades.pleione.kittencare.ui.activity.settings.ApplicationActivity"
105-->src\main\AndroidManifest.xml:77:13-69
106            android:label="@string/label_application"
106-->src\main\AndroidManifest.xml:78:13-54
107            android:screenOrientation="portrait" />
107-->src\main\AndroidManifest.xml:79:13-49
108        <activity
108-->src\main\AndroidManifest.xml:80:9-83:51
109            android:name="com.pleiades.pleione.kittencare.ui.activity.settings.DetailActivity"
109-->src\main\AndroidManifest.xml:81:13-64
110            android:label="@string/label_detail"
110-->src\main\AndroidManifest.xml:82:13-49
111            android:screenOrientation="portrait" />
111-->src\main\AndroidManifest.xml:83:13-49
112
113        <!-- game activity -->
114        <activity
114-->src\main\AndroidManifest.xml:86:9-89:51
115            android:name="com.pleiades.pleione.kittencare.ui.activity.game.PajamasActivity"
115-->src\main\AndroidManifest.xml:87:13-61
116            android:label="@string/game_title_pajamas"
116-->src\main\AndroidManifest.xml:88:13-55
117            android:screenOrientation="portrait" />
117-->src\main\AndroidManifest.xml:89:13-49
118        <activity
118-->src\main\AndroidManifest.xml:90:9-93:51
119            android:name="com.pleiades.pleione.kittencare.ui.activity.game.PleiadesActivity"
119-->src\main\AndroidManifest.xml:91:13-62
120            android:label="@string/game_title_pleiades"
120-->src\main\AndroidManifest.xml:92:13-56
121            android:screenOrientation="portrait" />
121-->src\main\AndroidManifest.xml:93:13-49
122        <activity
122-->src\main\AndroidManifest.xml:94:9-97:51
123            android:name="com.pleiades.pleione.kittencare.ui.activity.game.DinosaurActivity"
123-->src\main\AndroidManifest.xml:95:13-62
124            android:label="@string/game_title_dinosaur"
124-->src\main\AndroidManifest.xml:96:13-56
125            android:screenOrientation="portrait" />
125-->src\main\AndroidManifest.xml:97:13-49
126
127        <service
127-->src\main\AndroidManifest.xml:99:9-103:75
128            android:name="com.pleiades.pleione.kittencare.KittenService"
128-->src\main\AndroidManifest.xml:100:13-42
129            android:configChanges="orientation"
129-->src\main\AndroidManifest.xml:101:13-48
130            android:enabled="true"
130-->src\main\AndroidManifest.xml:102:13-35
131            android:permission="android.permission.SYSTEM_ALERT_WINDOW" />
131-->src\main\AndroidManifest.xml:103:13-72
132        <!-- Include the AdActivity and InAppPurchaseActivity configChanges and themes. -->
133        <activity
133-->[com.google.android.gms:play-services-ads-lite:20.0.0] AndroidManifest.xml:48:9-52:64
134            android:name="com.google.android.gms.ads.AdActivity"
134-->[com.google.android.gms:play-services-ads-lite:20.0.0] AndroidManifest.xml:49:13-65
135            android:configChanges="keyboard|keyboardHidden|orientation|screenLayout|uiMode|screenSize|smallestScreenSize"
135-->[com.google.android.gms:play-services-ads-lite:20.0.0] AndroidManifest.xml:50:13-122
136            android:exported="false"
136-->[com.google.android.gms:play-services-ads-lite:20.0.0] AndroidManifest.xml:51:13-37
137            android:theme="@android:style/Theme.Translucent" />
137-->[com.google.android.gms:play-services-ads-lite:20.0.0] AndroidManifest.xml:52:13-61
138
139        <provider
139-->[com.google.android.gms:play-services-ads-lite:20.0.0] AndroidManifest.xml:54:9-58:39
140            android:name="com.google.android.gms.ads.MobileAdsInitProvider"
140-->[com.google.android.gms:play-services-ads-lite:20.0.0] AndroidManifest.xml:55:13-76
141            android:authorities="com.pleiades.pleione.kittencare.mobileadsinitprovider"
141-->[com.google.android.gms:play-services-ads-lite:20.0.0] AndroidManifest.xml:56:13-73
142            android:exported="false"
142-->[com.google.android.gms:play-services-ads-lite:20.0.0] AndroidManifest.xml:57:13-37
143            android:initOrder="100" />
143-->[com.google.android.gms:play-services-ads-lite:20.0.0] AndroidManifest.xml:58:13-36
144
145        <service
145-->[com.google.android.gms:play-services-ads-lite:20.0.0] AndroidManifest.xml:60:9-63:40
146            android:name="com.google.android.gms.ads.AdService"
146-->[com.google.android.gms:play-services-ads-lite:20.0.0] AndroidManifest.xml:61:13-64
147            android:enabled="true"
147-->[com.google.android.gms:play-services-ads-lite:20.0.0] AndroidManifest.xml:62:13-35
148            android:exported="false" />
148-->[com.google.android.gms:play-services-ads-lite:20.0.0] AndroidManifest.xml:63:13-37
149
150        <meta-data
150-->[com.google.android.gms:play-services-basement:17.6.0] AndroidManifest.xml:23:9-25:69
151            android:name="com.google.android.gms.version"
151-->[com.google.android.gms:play-services-basement:17.6.0] AndroidManifest.xml:24:13-58
152            android:value="@integer/google_play_services_version" />
152-->[com.google.android.gms:play-services-basement:17.6.0] AndroidManifest.xml:25:13-66
153
154        <provider
154-->[androidx.lifecycle:lifecycle-process:2.2.0] AndroidManifest.xml:25:9-29:43
155            android:name="androidx.lifecycle.ProcessLifecycleOwnerInitializer"
155-->[androidx.lifecycle:lifecycle-process:2.2.0] AndroidManifest.xml:26:13-79
156            android:authorities="com.pleiades.pleione.kittencare.lifecycle-process"
156-->[androidx.lifecycle:lifecycle-process:2.2.0] AndroidManifest.xml:27:13-69
157            android:exported="false"
157-->[androidx.lifecycle:lifecycle-process:2.2.0] AndroidManifest.xml:28:13-37
158            android:multiprocess="true" />
158-->[androidx.lifecycle:lifecycle-process:2.2.0] AndroidManifest.xml:29:13-40
159        <provider
159-->[androidx.work:work-runtime:2.1.0] AndroidManifest.xml:30:9-36:35
160            android:name="androidx.work.impl.WorkManagerInitializer"
160-->[androidx.work:work-runtime:2.1.0] AndroidManifest.xml:31:13-69
161            android:authorities="com.pleiades.pleione.kittencare.workmanager-init"
161-->[androidx.work:work-runtime:2.1.0] AndroidManifest.xml:32:13-68
162            android:directBootAware="false"
162-->[androidx.work:work-runtime:2.1.0] AndroidManifest.xml:33:13-44
163            android:exported="false"
163-->[androidx.work:work-runtime:2.1.0] AndroidManifest.xml:34:13-37
164            android:multiprocess="true" />
164-->[androidx.work:work-runtime:2.1.0] AndroidManifest.xml:35:13-40
165
166        <service
166-->[androidx.work:work-runtime:2.1.0] AndroidManifest.xml:38:9-43:35
167            android:name="androidx.work.impl.background.systemalarm.SystemAlarmService"
167-->[androidx.work:work-runtime:2.1.0] AndroidManifest.xml:39:13-88
168            android:directBootAware="false"
168-->[androidx.work:work-runtime:2.1.0] AndroidManifest.xml:40:13-44
169            android:enabled="@bool/enable_system_alarm_service_default"
169-->[androidx.work:work-runtime:2.1.0] AndroidManifest.xml:41:13-72
170            android:exported="false" />
170-->[androidx.work:work-runtime:2.1.0] AndroidManifest.xml:42:13-37
171        <service
171-->[androidx.work:work-runtime:2.1.0] AndroidManifest.xml:44:9-50:35
172            android:name="androidx.work.impl.background.systemjob.SystemJobService"
172-->[androidx.work:work-runtime:2.1.0] AndroidManifest.xml:45:13-84
173            android:directBootAware="false"
173-->[androidx.work:work-runtime:2.1.0] AndroidManifest.xml:46:13-44
174            android:enabled="@bool/enable_system_job_service_default"
174-->[androidx.work:work-runtime:2.1.0] AndroidManifest.xml:47:13-70
175            android:exported="true"
175-->[androidx.work:work-runtime:2.1.0] AndroidManifest.xml:48:13-36
176            android:permission="android.permission.BIND_JOB_SERVICE" />
176-->[androidx.work:work-runtime:2.1.0] AndroidManifest.xml:49:13-69
177
178        <receiver
178-->[androidx.work:work-runtime:2.1.0] AndroidManifest.xml:52:9-57:35
179            android:name="androidx.work.impl.utils.ForceStopRunnable$BroadcastReceiver"
179-->[androidx.work:work-runtime:2.1.0] AndroidManifest.xml:53:13-88
180            android:directBootAware="false"
180-->[androidx.work:work-runtime:2.1.0] AndroidManifest.xml:54:13-44
181            android:enabled="true"
181-->[androidx.work:work-runtime:2.1.0] AndroidManifest.xml:55:13-35
182            android:exported="false" />
182-->[androidx.work:work-runtime:2.1.0] AndroidManifest.xml:56:13-37
183        <receiver
183-->[androidx.work:work-runtime:2.1.0] AndroidManifest.xml:58:9-68:20
184            android:name="androidx.work.impl.background.systemalarm.ConstraintProxy$BatteryChargingProxy"
184-->[androidx.work:work-runtime:2.1.0] AndroidManifest.xml:59:13-106
185            android:directBootAware="false"
185-->[androidx.work:work-runtime:2.1.0] AndroidManifest.xml:60:13-44
186            android:enabled="false"
186-->[androidx.work:work-runtime:2.1.0] AndroidManifest.xml:61:13-36
187            android:exported="false" >
187-->[androidx.work:work-runtime:2.1.0] AndroidManifest.xml:62:13-37
188            <intent-filter>
188-->[androidx.work:work-runtime:2.1.0] AndroidManifest.xml:64:13-67:29
189                <action android:name="android.intent.action.ACTION_POWER_CONNECTED" />
189-->[androidx.work:work-runtime:2.1.0] AndroidManifest.xml:65:17-87
189-->[androidx.work:work-runtime:2.1.0] AndroidManifest.xml:65:25-84
190                <action android:name="android.intent.action.ACTION_POWER_DISCONNECTED" />
190-->[androidx.work:work-runtime:2.1.0] AndroidManifest.xml:66:17-90
190-->[androidx.work:work-runtime:2.1.0] AndroidManifest.xml:66:25-87
191            </intent-filter>
192        </receiver>
193        <receiver
193-->[androidx.work:work-runtime:2.1.0] AndroidManifest.xml:69:9-79:20
194            android:name="androidx.work.impl.background.systemalarm.ConstraintProxy$BatteryNotLowProxy"
194-->[androidx.work:work-runtime:2.1.0] AndroidManifest.xml:70:13-104
195            android:directBootAware="false"
195-->[androidx.work:work-runtime:2.1.0] AndroidManifest.xml:71:13-44
196            android:enabled="false"
196-->[androidx.work:work-runtime:2.1.0] AndroidManifest.xml:72:13-36
197            android:exported="false" >
197-->[androidx.work:work-runtime:2.1.0] AndroidManifest.xml:73:13-37
198            <intent-filter>
198-->[androidx.work:work-runtime:2.1.0] AndroidManifest.xml:75:13-78:29
199                <action android:name="android.intent.action.BATTERY_OKAY" />
199-->[androidx.work:work-runtime:2.1.0] AndroidManifest.xml:76:17-77
199-->[androidx.work:work-runtime:2.1.0] AndroidManifest.xml:76:25-74
200                <action android:name="android.intent.action.BATTERY_LOW" />
200-->[androidx.work:work-runtime:2.1.0] AndroidManifest.xml:77:17-76
200-->[androidx.work:work-runtime:2.1.0] AndroidManifest.xml:77:25-73
201            </intent-filter>
202        </receiver>
203        <receiver
203-->[androidx.work:work-runtime:2.1.0] AndroidManifest.xml:80:9-90:20
204            android:name="androidx.work.impl.background.systemalarm.ConstraintProxy$StorageNotLowProxy"
204-->[androidx.work:work-runtime:2.1.0] AndroidManifest.xml:81:13-104
205            android:directBootAware="false"
205-->[androidx.work:work-runtime:2.1.0] AndroidManifest.xml:82:13-44
206            android:enabled="false"
206-->[androidx.work:work-runtime:2.1.0] AndroidManifest.xml:83:13-36
207            android:exported="false" >
207-->[androidx.work:work-runtime:2.1.0] AndroidManifest.xml:84:13-37
208            <intent-filter>
208-->[androidx.work:work-runtime:2.1.0] AndroidManifest.xml:86:13-89:29
209                <action android:name="android.intent.action.DEVICE_STORAGE_LOW" />
209-->[androidx.work:work-runtime:2.1.0] AndroidManifest.xml:87:17-83
209-->[androidx.work:work-runtime:2.1.0] AndroidManifest.xml:87:25-80
210                <action android:name="android.intent.action.DEVICE_STORAGE_OK" />
210-->[androidx.work:work-runtime:2.1.0] AndroidManifest.xml:88:17-82
210-->[androidx.work:work-runtime:2.1.0] AndroidManifest.xml:88:25-79
211            </intent-filter>
212        </receiver>
213        <receiver
213-->[androidx.work:work-runtime:2.1.0] AndroidManifest.xml:91:9-100:20
214            android:name="androidx.work.impl.background.systemalarm.ConstraintProxy$NetworkStateProxy"
214-->[androidx.work:work-runtime:2.1.0] AndroidManifest.xml:92:13-103
215            android:directBootAware="false"
215-->[androidx.work:work-runtime:2.1.0] AndroidManifest.xml:93:13-44
216            android:enabled="false"
216-->[androidx.work:work-runtime:2.1.0] AndroidManifest.xml:94:13-36
217            android:exported="false" >
217-->[androidx.work:work-runtime:2.1.0] AndroidManifest.xml:95:13-37
218            <intent-filter>
218-->[androidx.work:work-runtime:2.1.0] AndroidManifest.xml:97:13-99:29
219                <action android:name="android.net.conn.CONNECTIVITY_CHANGE" />
219-->[androidx.work:work-runtime:2.1.0] AndroidManifest.xml:98:17-79
219-->[androidx.work:work-runtime:2.1.0] AndroidManifest.xml:98:25-76
220            </intent-filter>
221        </receiver>
222        <receiver
222-->[androidx.work:work-runtime:2.1.0] AndroidManifest.xml:101:9-112:20
223            android:name="androidx.work.impl.background.systemalarm.RescheduleReceiver"
223-->[androidx.work:work-runtime:2.1.0] AndroidManifest.xml:102:13-88
224            android:directBootAware="false"
224-->[androidx.work:work-runtime:2.1.0] AndroidManifest.xml:103:13-44
225            android:enabled="false"
225-->[androidx.work:work-runtime:2.1.0] AndroidManifest.xml:104:13-36
226            android:exported="false" >
226-->[androidx.work:work-runtime:2.1.0] AndroidManifest.xml:105:13-37
227            <intent-filter>
227-->[androidx.work:work-runtime:2.1.0] AndroidManifest.xml:107:13-111:29
228                <action android:name="android.intent.action.BOOT_COMPLETED" />
228-->[androidx.work:work-runtime:2.1.0] AndroidManifest.xml:108:17-79
228-->[androidx.work:work-runtime:2.1.0] AndroidManifest.xml:108:25-76
229                <action android:name="android.intent.action.TIME_SET" />
229-->[androidx.work:work-runtime:2.1.0] AndroidManifest.xml:109:17-73
229-->[androidx.work:work-runtime:2.1.0] AndroidManifest.xml:109:25-70
230                <action android:name="android.intent.action.TIMEZONE_CHANGED" />
230-->[androidx.work:work-runtime:2.1.0] AndroidManifest.xml:110:17-81
230-->[androidx.work:work-runtime:2.1.0] AndroidManifest.xml:110:25-78
231            </intent-filter>
232        </receiver>
233        <receiver
233-->[androidx.work:work-runtime:2.1.0] AndroidManifest.xml:113:9-122:20
234            android:name="androidx.work.impl.background.systemalarm.ConstraintProxyUpdateReceiver"
234-->[androidx.work:work-runtime:2.1.0] AndroidManifest.xml:114:13-99
235            android:directBootAware="false"
235-->[androidx.work:work-runtime:2.1.0] AndroidManifest.xml:115:13-44
236            android:enabled="@bool/enable_system_alarm_service_default"
236-->[androidx.work:work-runtime:2.1.0] AndroidManifest.xml:116:13-72
237            android:exported="false" >
237-->[androidx.work:work-runtime:2.1.0] AndroidManifest.xml:117:13-37
238            <intent-filter>
238-->[androidx.work:work-runtime:2.1.0] AndroidManifest.xml:119:13-121:29
239                <action android:name="androidx.work.impl.background.systemalarm.UpdateProxies" />
239-->[androidx.work:work-runtime:2.1.0] AndroidManifest.xml:120:17-98
239-->[androidx.work:work-runtime:2.1.0] AndroidManifest.xml:120:25-95
240            </intent-filter>
241        </receiver>
242
243        <service
243-->[androidx.room:room-runtime:2.1.0] AndroidManifest.xml:25:9-27:40
244            android:name="androidx.room.MultiInstanceInvalidationService"
244-->[androidx.room:room-runtime:2.1.0] AndroidManifest.xml:26:13-74
245            android:exported="false" />
245-->[androidx.room:room-runtime:2.1.0] AndroidManifest.xml:27:13-37
246    </application>
247
248</manifest>